[0.053s] DEBUG:colcon:Command line arguments: ['/usr/bin/colcon', 'build', '--packages-select', 'autoware_adapi_v1_msgs']
[0.053s] DEBUG:colcon:Parsed command line arguments: Namespace(log_base=None, log_level=None, verb_name='build', build_base='build', install_base='install', merge_install=False, symlink_install=False, test_result_base=None, continue_on_error=False, executor='parallel', parallel_workers=24, event_handlers=None, ignore_user_meta=False, metas=['./colcon.meta'], base_paths=['.'], packages_ignore=None, packages_ignore_regex=None, paths=None, packages_up_to=None, packages_up_to_regex=None, packages_above=None, packages_above_and_dependencies=None, packages_above_depth=None, packages_select_by_dep=None, packages_skip_by_dep=None, packages_skip_up_to=None, packages_select_build_failed=False, packages_skip_build_finished=False, packages_select_test_failures=False, packages_skip_test_passed=False, packages_select=['autoware_adapi_v1_msgs'], packages_skip=None, packages_select_regex=None, packages_skip_regex=None, packages_start=None, packages_end=None, cmake_args=None, cmake_target=None, cmake_target_skip_unavailable=False, cmake_clean_cache=False, cmake_clean_first=False, cmake_force_configure=False, ament_cmake_args=None, catkin_cmake_args=None, catkin_skip_building_tests=False, mixin_files=None, mixin=None, verb_parser=<colcon_mixin.mixin.mixin_argument.MixinArgumentDecorator object at 0x7a2a1b93dba0>, verb_extension=<colcon_core.verb.build.BuildVerb object at 0x7a2a1b93d5a0>, main=<bound method BuildVerb.main of <colcon_core.verb.build.BuildVerb object at 0x7a2a1b93d5a0>>, mixin_verb=('build',))
[0.225s] Level 1:colcon.colcon_core.package_discovery:discover_packages(colcon_meta) check parameters
[0.225s] Level 1:colcon.colcon_core.package_discovery:discover_packages(recursive) check parameters
[0.225s] Level 1:colcon.colcon_core.package_discovery:discover_packages(ignore) check parameters
[0.225s] Level 1:colcon.colcon_core.package_discovery:discover_packages(path) check parameters
[0.225s] Level 1:colcon.colcon_core.package_discovery:discover_packages(colcon_meta) discover
[0.225s] Level 1:colcon.colcon_core.package_discovery:discover_packages(recursive) discover
[0.225s] INFO:colcon.colcon_core.package_discovery:Crawling recursively for packages in '/home/zy/autoware_carla_launch/k8s/autoware-api/autoware_adapi_msgs'
[0.225s] Level 1:colcon.colcon_core.package_identification:_identify(.) by extensions ['ignore', 'ignore_ament_install']
[0.225s] Level 1:colcon.colcon_core.package_identification:_identify(.) by extension 'ignore'
[0.225s] Level 1:colcon.colcon_core.package_identification:_identify(.) by extension 'ignore_ament_install'
[0.226s] Level 1:colcon.colcon_core.package_identification:_identify(.) by extensions ['colcon_pkg']
[0.226s] Level 1:colcon.colcon_core.package_identification:_identify(.) by extension 'colcon_pkg'
[0.226s] Level 1:colcon.colcon_core.package_identification:_identify(.) by extensions ['colcon_meta']
[0.226s] Level 1:colcon.colcon_core.package_identification:_identify(.) by extension 'colcon_meta'
[0.226s] Level 1:colcon.colcon_core.package_identification:_identify(.) by extensions ['ros']
[0.226s] Level 1:colcon.colcon_core.package_identification:_identify(.) by extension 'ros'
[0.233s] Level 1:colcon.colcon_core.package_identification:_identify(.) by extensions ['cmake', 'python']
[0.233s] Level 1:colcon.colcon_core.package_identification:_identify(.) by extension 'cmake'
[0.233s] Level 1:colcon.colcon_core.package_identification:_identify(.) by extension 'python'
[0.233s] Level 1:colcon.colcon_core.package_identification:_identify(.) by extensions ['python_setup_py']
[0.233s] Level 1:colcon.colcon_core.package_identification:_identify(.) by extension 'python_setup_py'
[0.233s] Level 1:colcon.colcon_core.package_identification:_identify(autoware_adapi_v1_msgs) by extensions ['ignore', 'ignore_ament_install']
[0.234s] Level 1:colcon.colcon_core.package_identification:_identify(autoware_adapi_v1_msgs) by extension 'ignore'
[0.234s] Level 1:colcon.colcon_core.package_identification:_identify(autoware_adapi_v1_msgs) by extension 'ignore_ament_install'
[0.234s] Level 1:colcon.colcon_core.package_identification:_identify(autoware_adapi_v1_msgs) by extensions ['colcon_pkg']
[0.234s] Level 1:colcon.colcon_core.package_identification:_identify(autoware_adapi_v1_msgs) by extension 'colcon_pkg'
[0.234s] Level 1:colcon.colcon_core.package_identification:_identify(autoware_adapi_v1_msgs) by extensions ['colcon_meta']
[0.234s] Level 1:colcon.colcon_core.package_identification:_identify(autoware_adapi_v1_msgs) by extension 'colcon_meta'
[0.234s] Level 1:colcon.colcon_core.package_identification:_identify(autoware_adapi_v1_msgs) by extensions ['ros']
[0.234s] Level 1:colcon.colcon_core.package_identification:_identify(autoware_adapi_v1_msgs) by extension 'ros'
[0.235s] DEBUG:colcon.colcon_core.package_identification:Package 'autoware_adapi_v1_msgs' with type 'ros.ament_cmake' and name 'autoware_adapi_v1_msgs'
[0.235s] Level 1:colcon.colcon_core.package_identification:_identify(autoware_adapi_version_msgs) by extensions ['ignore', 'ignore_ament_install']
[0.235s] Level 1:colcon.colcon_core.package_identification:_identify(autoware_adapi_version_msgs) by extension 'ignore'
[0.236s] Level 1:colcon.colcon_core.package_identification:_identify(autoware_adapi_version_msgs) by extension 'ignore_ament_install'
[0.236s] Level 1:colcon.colcon_core.package_identification:_identify(autoware_adapi_version_msgs) by extensions ['colcon_pkg']
[0.236s] Level 1:colcon.colcon_core.package_identification:_identify(autoware_adapi_version_msgs) by extension 'colcon_pkg'
[0.236s] Level 1:colcon.colcon_core.package_identification:_identify(autoware_adapi_version_msgs) by extensions ['colcon_meta']
[0.236s] Level 1:colcon.colcon_core.package_identification:_identify(autoware_adapi_version_msgs) by extension 'colcon_meta'
[0.236s] Level 1:colcon.colcon_core.package_identification:_identify(autoware_adapi_version_msgs) by extensions ['ros']
[0.236s] Level 1:colcon.colcon_core.package_identification:_identify(autoware_adapi_version_msgs) by extension 'ros'
[0.236s] DEBUG:colcon.colcon_core.package_identification:Package 'autoware_adapi_version_msgs' with type 'ros.ament_cmake' and name 'autoware_adapi_version_msgs'
[0.236s] Level 1:colcon.colcon_core.package_identification:_identify(build) by extensions ['ignore', 'ignore_ament_install']
[0.236s] Level 1:colcon.colcon_core.package_identification:_identify(build) by extension 'ignore'
[0.236s] Level 1:colcon.colcon_core.package_identification:_identify(build) ignored
[0.236s] Level 1:colcon.colcon_core.package_identification:_identify(install) by extensions ['ignore', 'ignore_ament_install']
[0.236s] Level 1:colcon.colcon_core.package_identification:_identify(install) by extension 'ignore'
[0.236s] Level 1:colcon.colcon_core.package_identification:_identify(install) ignored
[0.236s] Level 1:colcon.colcon_core.package_identification:_identify(log) by extensions ['ignore', 'ignore_ament_install']
[0.236s] Level 1:colcon.colcon_core.package_identification:_identify(log) by extension 'ignore'
[0.236s] Level 1:colcon.colcon_core.package_identification:_identify(log) ignored
[0.236s] Level 1:colcon.colcon_core.package_discovery:discover_packages(recursive) using defaults
[0.236s] Level 1:colcon.colcon_core.package_discovery:discover_packages(ignore) discover
[0.236s] Level 1:colcon.colcon_core.package_discovery:discover_packages(ignore) using defaults
[0.236s] Level 1:colcon.colcon_core.package_discovery:discover_packages(path) discover
[0.236s] Level 1:colcon.colcon_core.package_discovery:discover_packages(path) using defaults
[0.252s] INFO:colcon.colcon_core.package_selection:Skipping not selected package 'autoware_adapi_version_msgs' in 'autoware_adapi_version_msgs'
[0.252s] Level 5:colcon.colcon_core.verb:set package 'autoware_adapi_v1_msgs' build argument 'cmake_args' from command line to 'None'
[0.252s] Level 5:colcon.colcon_core.verb:set package 'autoware_adapi_v1_msgs' build argument 'cmake_target' from command line to 'None'
[0.252s] Level 5:colcon.colcon_core.verb:set package 'autoware_adapi_v1_msgs' build argument 'cmake_target_skip_unavailable' from command line to 'False'
[0.252s] Level 5:colcon.colcon_core.verb:set package 'autoware_adapi_v1_msgs' build argument 'cmake_clean_cache' from command line to 'False'
[0.252s] Level 5:colcon.colcon_core.verb:set package 'autoware_adapi_v1_msgs' build argument 'cmake_clean_first' from command line to 'False'
[0.252s] Level 5:colcon.colcon_core.verb:set package 'autoware_adapi_v1_msgs' build argument 'cmake_force_configure' from command line to 'False'
[0.252s] Level 5:colcon.colcon_core.verb:set package 'autoware_adapi_v1_msgs' build argument 'ament_cmake_args' from command line to 'None'
[0.252s] Level 5:colcon.colcon_core.verb:set package 'autoware_adapi_v1_msgs' build argument 'catkin_cmake_args' from command line to 'None'
[0.252s] Level 5:colcon.colcon_core.verb:set package 'autoware_adapi_v1_msgs' build argument 'catkin_skip_building_tests' from command line to 'False'
[0.252s] DEBUG:colcon.colcon_core.verb:Building package 'autoware_adapi_v1_msgs' with the following arguments: {'ament_cmake_args': None, 'build_base': '/home/zy/autoware_carla_launch/k8s/autoware-api/autoware_adapi_msgs/build/autoware_adapi_v1_msgs', 'catkin_cmake_args': None, 'catkin_skip_building_tests': False, 'cmake_args': None, 'cmake_clean_cache': False, 'cmake_clean_first': False, 'cmake_force_configure': False, 'cmake_target': None, 'cmake_target_skip_unavailable': False, 'install_base': '/home/zy/autoware_carla_launch/k8s/autoware-api/autoware_adapi_msgs/install/autoware_adapi_v1_msgs', 'merge_install': False, 'path': '/home/zy/autoware_carla_launch/k8s/autoware-api/autoware_adapi_msgs/autoware_adapi_v1_msgs', 'symlink_install': False, 'test_result_base': None}
[0.252s] INFO:colcon.colcon_core.executor:Executing jobs using 'parallel' executor
[0.253s] DEBUG:colcon.colcon_parallel_executor.executor.parallel:run_until_complete
[0.253s] INFO:colcon.colcon_ros.task.ament_cmake.build:Building ROS package in '/home/zy/autoware_carla_launch/k8s/autoware-api/autoware_adapi_msgs/autoware_adapi_v1_msgs' with build type 'ament_cmake'
[0.253s] INFO:colcon.colcon_cmake.task.cmake.build:Building CMake package in '/home/zy/autoware_carla_launch/k8s/autoware-api/autoware_adapi_msgs/autoware_adapi_v1_msgs'
[0.255s] INFO:colcon.colcon_core.plugin_system:Skipping extension 'colcon_core.shell.bat': Not used on non-Windows systems
[0.255s] INFO:colcon.colcon_core.shell:Skip shell extension 'powershell' for command environment: Not usable outside of PowerShell
[0.255s] DEBUG:colcon.colcon_core.shell:Skip shell extension 'dsv' for command environment
[0.270s] DEBUG:colcon.colcon_core.event_handler.log_command:Invoking command in '/home/zy/autoware_carla_launch/k8s/autoware-api/autoware_adapi_msgs/build/autoware_adapi_v1_msgs': CMAKE_PREFIX_PATH=${CMAKE_PREFIX_PATH}:/opt/ros/humble /usr/bin/cmake /home/zy/autoware_carla_launch/k8s/autoware-api/autoware_adapi_msgs/autoware_adapi_v1_msgs -DCMAKE_INSTALL_PREFIX=/home/zy/autoware_carla_launch/k8s/autoware-api/autoware_adapi_msgs/install/autoware_adapi_v1_msgs
[1.921s] DEBUG:colcon.colcon_core.event_handler.log_command:Invoked command in '/home/zy/autoware_carla_launch/k8s/autoware-api/autoware_adapi_msgs/build/autoware_adapi_v1_msgs' returned '0': CMAKE_PREFIX_PATH=${CMAKE_PREFIX_PATH}:/opt/ros/humble /usr/bin/cmake /home/zy/autoware_carla_launch/k8s/autoware-api/autoware_adapi_msgs/autoware_adapi_v1_msgs -DCMAKE_INSTALL_PREFIX=/home/zy/autoware_carla_launch/k8s/autoware-api/autoware_adapi_msgs/install/autoware_adapi_v1_msgs
[1.922s] DEBUG:colcon.colcon_core.event_handler.log_command:Invoking command in '/home/zy/autoware_carla_launch/k8s/autoware-api/autoware_adapi_msgs/build/autoware_adapi_v1_msgs': CMAKE_PREFIX_PATH=${CMAKE_PREFIX_PATH}:/opt/ros/humble /usr/bin/cmake --build /home/zy/autoware_carla_launch/k8s/autoware-api/autoware_adapi_msgs/build/autoware_adapi_v1_msgs -- -j24 -l24
[15.027s] DEBUG:colcon.colcon_core.event_handler.log_command:Invoked command in '/home/zy/autoware_carla_launch/k8s/autoware-api/autoware_adapi_msgs/build/autoware_adapi_v1_msgs' returned '0': CMAKE_PREFIX_PATH=${CMAKE_PREFIX_PATH}:/opt/ros/humble /usr/bin/cmake --build /home/zy/autoware_carla_launch/k8s/autoware-api/autoware_adapi_msgs/build/autoware_adapi_v1_msgs -- -j24 -l24
[16.065s] DEBUG:colcon.colcon_core.event_handler.log_command:Invoking command in '/home/zy/autoware_carla_launch/k8s/autoware-api/autoware_adapi_msgs/build/autoware_adapi_v1_msgs': CMAKE_PREFIX_PATH=${CMAKE_PREFIX_PATH}:/opt/ros/humble /usr/bin/cmake --install /home/zy/autoware_carla_launch/k8s/autoware-api/autoware_adapi_msgs/build/autoware_adapi_v1_msgs
[16.231s] Level 1:colcon.colcon_core.environment:create_environment_scripts_only(autoware_adapi_v1_msgs)
[16.231s] DEBUG:colcon.colcon_core.event_handler.log_command:Invoked command in '/home/zy/autoware_carla_launch/k8s/autoware-api/autoware_adapi_msgs/build/autoware_adapi_v1_msgs' returned '0': CMAKE_PREFIX_PATH=${CMAKE_PREFIX_PATH}:/opt/ros/humble /usr/bin/cmake --install /home/zy/autoware_carla_launch/k8s/autoware-api/autoware_adapi_msgs/build/autoware_adapi_v1_msgs
[16.234s] Level 1:colcon.colcon_core.environment:checking '/home/zy/autoware_carla_launch/k8s/autoware-api/autoware_adapi_msgs/install/autoware_adapi_v1_msgs' for CMake module files
[16.234s] Level 1:colcon.colcon_core.environment:checking '/home/zy/autoware_carla_launch/k8s/autoware-api/autoware_adapi_msgs/install/autoware_adapi_v1_msgs' for CMake config files
[16.235s] Level 1:colcon.colcon_core.shell:create_environment_hook('autoware_adapi_v1_msgs', 'cmake_prefix_path')
[16.235s] INFO:colcon.colcon_core.shell:Creating environment hook '/home/zy/autoware_carla_launch/k8s/autoware-api/autoware_adapi_msgs/install/autoware_adapi_v1_msgs/share/autoware_adapi_v1_msgs/hook/cmake_prefix_path.ps1'
[16.235s] INFO:colcon.colcon_core.shell:Creating environment descriptor '/home/zy/autoware_carla_launch/k8s/autoware-api/autoware_adapi_msgs/install/autoware_adapi_v1_msgs/share/autoware_adapi_v1_msgs/hook/cmake_prefix_path.dsv'
[16.235s] INFO:colcon.colcon_core.shell:Creating environment hook '/home/zy/autoware_carla_launch/k8s/autoware-api/autoware_adapi_msgs/install/autoware_adapi_v1_msgs/share/autoware_adapi_v1_msgs/hook/cmake_prefix_path.sh'
[16.236s] Level 1:colcon.colcon_core.environment:checking '/home/zy/autoware_carla_launch/k8s/autoware-api/autoware_adapi_msgs/install/autoware_adapi_v1_msgs/lib'
[16.236s] Level 1:colcon.colcon_core.shell:create_environment_hook('autoware_adapi_v1_msgs', 'ld_library_path_lib')
[16.236s] INFO:colcon.colcon_core.shell:Creating environment hook '/home/zy/autoware_carla_launch/k8s/autoware-api/autoware_adapi_msgs/install/autoware_adapi_v1_msgs/share/autoware_adapi_v1_msgs/hook/ld_library_path_lib.ps1'
[16.236s] INFO:colcon.colcon_core.shell:Creating environment descriptor '/home/zy/autoware_carla_launch/k8s/autoware-api/autoware_adapi_msgs/install/autoware_adapi_v1_msgs/share/autoware_adapi_v1_msgs/hook/ld_library_path_lib.dsv'
[16.237s] INFO:colcon.colcon_core.shell:Creating environment hook '/home/zy/autoware_carla_launch/k8s/autoware-api/autoware_adapi_msgs/install/autoware_adapi_v1_msgs/share/autoware_adapi_v1_msgs/hook/ld_library_path_lib.sh'
[16.237s] Level 1:colcon.colcon_core.environment:checking '/home/zy/autoware_carla_launch/k8s/autoware-api/autoware_adapi_msgs/install/autoware_adapi_v1_msgs/bin'
[16.237s] Level 1:colcon.colcon_core.environment:checking '/home/zy/autoware_carla_launch/k8s/autoware-api/autoware_adapi_msgs/install/autoware_adapi_v1_msgs/lib/pkgconfig/autoware_adapi_v1_msgs.pc'
[16.238s] Level 1:colcon.colcon_core.environment:checking '/home/zy/autoware_carla_launch/k8s/autoware-api/autoware_adapi_msgs/install/autoware_adapi_v1_msgs/lib/python3.10/site-packages'
[16.238s] Level 1:colcon.colcon_core.environment:checking '/home/zy/autoware_carla_launch/k8s/autoware-api/autoware_adapi_msgs/install/autoware_adapi_v1_msgs/bin'
[16.238s] INFO:colcon.colcon_core.shell:Creating package script '/home/zy/autoware_carla_launch/k8s/autoware-api/autoware_adapi_msgs/install/autoware_adapi_v1_msgs/share/autoware_adapi_v1_msgs/package.ps1'
[16.238s] INFO:colcon.colcon_core.shell:Creating package descriptor '/home/zy/autoware_carla_launch/k8s/autoware-api/autoware_adapi_msgs/install/autoware_adapi_v1_msgs/share/autoware_adapi_v1_msgs/package.dsv'
[16.239s] INFO:colcon.colcon_core.shell:Creating package script '/home/zy/autoware_carla_launch/k8s/autoware-api/autoware_adapi_msgs/install/autoware_adapi_v1_msgs/share/autoware_adapi_v1_msgs/package.sh'
[16.239s] INFO:colcon.colcon_core.shell:Creating package script '/home/zy/autoware_carla_launch/k8s/autoware-api/autoware_adapi_msgs/install/autoware_adapi_v1_msgs/share/autoware_adapi_v1_msgs/package.bash'
[16.240s] INFO:colcon.colcon_core.shell:Creating package script '/home/zy/autoware_carla_launch/k8s/autoware-api/autoware_adapi_msgs/install/autoware_adapi_v1_msgs/share/autoware_adapi_v1_msgs/package.zsh'
[16.240s] Level 1:colcon.colcon_core.environment:create_file_with_runtime_dependencies(/home/zy/autoware_carla_launch/k8s/autoware-api/autoware_adapi_msgs/install/autoware_adapi_v1_msgs/share/colcon-core/packages/autoware_adapi_v1_msgs)
[17.274s] Level 1:colcon.colcon_core.environment:create_environment_scripts_only(autoware_adapi_v1_msgs)
[17.274s] Level 1:colcon.colcon_core.environment:checking '/home/zy/autoware_carla_launch/k8s/autoware-api/autoware_adapi_msgs/install/autoware_adapi_v1_msgs' for CMake module files
[17.274s] Level 1:colcon.colcon_core.environment:checking '/home/zy/autoware_carla_launch/k8s/autoware-api/autoware_adapi_msgs/install/autoware_adapi_v1_msgs' for CMake config files
[17.274s] Level 1:colcon.colcon_core.shell:create_environment_hook('autoware_adapi_v1_msgs', 'cmake_prefix_path')
[17.274s] INFO:colcon.colcon_core.shell:Creating environment hook '/home/zy/autoware_carla_launch/k8s/autoware-api/autoware_adapi_msgs/install/autoware_adapi_v1_msgs/share/autoware_adapi_v1_msgs/hook/cmake_prefix_path.ps1'
[17.275s] INFO:colcon.colcon_core.shell:Creating environment descriptor '/home/zy/autoware_carla_launch/k8s/autoware-api/autoware_adapi_msgs/install/autoware_adapi_v1_msgs/share/autoware_adapi_v1_msgs/hook/cmake_prefix_path.dsv'
[17.275s] INFO:colcon.colcon_core.shell:Creating environment hook '/home/zy/autoware_carla_launch/k8s/autoware-api/autoware_adapi_msgs/install/autoware_adapi_v1_msgs/share/autoware_adapi_v1_msgs/hook/cmake_prefix_path.sh'
[17.275s] Level 1:colcon.colcon_core.environment:checking '/home/zy/autoware_carla_launch/k8s/autoware-api/autoware_adapi_msgs/install/autoware_adapi_v1_msgs/lib'
[17.275s] Level 1:colcon.colcon_core.shell:create_environment_hook('autoware_adapi_v1_msgs', 'ld_library_path_lib')
[17.275s] INFO:colcon.colcon_core.shell:Creating environment hook '/home/zy/autoware_carla_launch/k8s/autoware-api/autoware_adapi_msgs/install/autoware_adapi_v1_msgs/share/autoware_adapi_v1_msgs/hook/ld_library_path_lib.ps1'
[17.275s] INFO:colcon.colcon_core.shell:Creating environment descriptor '/home/zy/autoware_carla_launch/k8s/autoware-api/autoware_adapi_msgs/install/autoware_adapi_v1_msgs/share/autoware_adapi_v1_msgs/hook/ld_library_path_lib.dsv'
[17.276s] INFO:colcon.colcon_core.shell:Creating environment hook '/home/zy/autoware_carla_launch/k8s/autoware-api/autoware_adapi_msgs/install/autoware_adapi_v1_msgs/share/autoware_adapi_v1_msgs/hook/ld_library_path_lib.sh'
[17.276s] Level 1:colcon.colcon_core.environment:checking '/home/zy/autoware_carla_launch/k8s/autoware-api/autoware_adapi_msgs/install/autoware_adapi_v1_msgs/bin'
[17.276s] Level 1:colcon.colcon_core.environment:checking '/home/zy/autoware_carla_launch/k8s/autoware-api/autoware_adapi_msgs/install/autoware_adapi_v1_msgs/lib/pkgconfig/autoware_adapi_v1_msgs.pc'
[17.276s] Level 1:colcon.colcon_core.environment:checking '/home/zy/autoware_carla_launch/k8s/autoware-api/autoware_adapi_msgs/install/autoware_adapi_v1_msgs/lib/python3.10/site-packages'
[17.276s] Level 1:colcon.colcon_core.environment:checking '/home/zy/autoware_carla_launch/k8s/autoware-api/autoware_adapi_msgs/install/autoware_adapi_v1_msgs/bin'
[17.276s] INFO:colcon.colcon_core.shell:Creating package script '/home/zy/autoware_carla_launch/k8s/autoware-api/autoware_adapi_msgs/install/autoware_adapi_v1_msgs/share/autoware_adapi_v1_msgs/package.ps1'
[17.276s] INFO:colcon.colcon_core.shell:Creating package descriptor '/home/zy/autoware_carla_launch/k8s/autoware-api/autoware_adapi_msgs/install/autoware_adapi_v1_msgs/share/autoware_adapi_v1_msgs/package.dsv'
[17.277s] INFO:colcon.colcon_core.shell:Creating package script '/home/zy/autoware_carla_launch/k8s/autoware-api/autoware_adapi_msgs/install/autoware_adapi_v1_msgs/share/autoware_adapi_v1_msgs/package.sh'
[17.277s] INFO:colcon.colcon_core.shell:Creating package script '/home/zy/autoware_carla_launch/k8s/autoware-api/autoware_adapi_msgs/install/autoware_adapi_v1_msgs/share/autoware_adapi_v1_msgs/package.bash'
[17.277s] INFO:colcon.colcon_core.shell:Creating package script '/home/zy/autoware_carla_launch/k8s/autoware-api/autoware_adapi_msgs/install/autoware_adapi_v1_msgs/share/autoware_adapi_v1_msgs/package.zsh'
[17.277s] Level 1:colcon.colcon_core.environment:create_file_with_runtime_dependencies(/home/zy/autoware_carla_launch/k8s/autoware-api/autoware_adapi_msgs/install/autoware_adapi_v1_msgs/share/colcon-core/packages/autoware_adapi_v1_msgs)
[17.277s] DEBUG:colcon.colcon_parallel_executor.executor.parallel:closing loop
[17.277s] DEBUG:colcon.colcon_parallel_executor.executor.parallel:loop closed
[17.277s] DEBUG:colcon.colcon_parallel_executor.executor.parallel:run_until_complete finished with '0'
[17.277s] DEBUG:colcon.colcon_core.event_reactor:joining thread
[17.283s] INFO:colcon.colcon_core.plugin_system:Skipping extension 'colcon_notification.desktop_notification.notify_send': Could not find 'notify-send'
[17.283s] INFO:colcon.colcon_core.plugin_system:Skipping extension 'colcon_notification.desktop_notification.terminal_notifier': Not used on non-Darwin systems
[17.283s] INFO:colcon.colcon_core.plugin_system:Skipping extension 'colcon_notification.desktop_notification.win32': Not used on non-Windows systems
[17.283s] INFO:colcon.colcon_notification.desktop_notification:Sending desktop notification using 'notify2'
[17.285s] DEBUG:colcon.colcon_notification.desktop_notification.notify2:Failed to initialize notify2: org.freedesktop.DBus.Error.Spawn.ExecFailed: /usr/bin/dbus-launch terminated abnormally without any error message
[17.285s] DEBUG:colcon.colcon_core.event_reactor:joined thread
[17.285s] INFO:colcon.colcon_core.shell:Creating prefix script '/home/zy/autoware_carla_launch/k8s/autoware-api/autoware_adapi_msgs/install/local_setup.ps1'
[17.286s] INFO:colcon.colcon_core.shell:Creating prefix util module '/home/zy/autoware_carla_launch/k8s/autoware-api/autoware_adapi_msgs/install/_local_setup_util_ps1.py'
[17.287s] INFO:colcon.colcon_core.shell:Creating prefix chain script '/home/zy/autoware_carla_launch/k8s/autoware-api/autoware_adapi_msgs/install/setup.ps1'
[17.287s] INFO:colcon.colcon_core.shell:Creating prefix script '/home/zy/autoware_carla_launch/k8s/autoware-api/autoware_adapi_msgs/install/local_setup.sh'
[17.288s] INFO:colcon.colcon_core.shell:Creating prefix util module '/home/zy/autoware_carla_launch/k8s/autoware-api/autoware_adapi_msgs/install/_local_setup_util_sh.py'
[17.288s] INFO:colcon.colcon_core.shell:Creating prefix chain script '/home/zy/autoware_carla_launch/k8s/autoware-api/autoware_adapi_msgs/install/setup.sh'
[17.288s] INFO:colcon.colcon_core.shell:Creating prefix script '/home/zy/autoware_carla_launch/k8s/autoware-api/autoware_adapi_msgs/install/local_setup.bash'
[17.289s] INFO:colcon.colcon_core.shell:Creating prefix chain script '/home/zy/autoware_carla_launch/k8s/autoware-api/autoware_adapi_msgs/install/setup.bash'
[17.290s] INFO:colcon.colcon_core.shell:Creating prefix script '/home/zy/autoware_carla_launch/k8s/autoware-api/autoware_adapi_msgs/install/local_setup.zsh'
[17.290s] INFO:colcon.colcon_core.shell:Creating prefix chain script '/home/zy/autoware_carla_launch/k8s/autoware-api/autoware_adapi_msgs/install/setup.zsh'
